This is LuaTeX, Version 1.0.0 (MiKTeX 2.9.6210 64-bit)  (format=lualatex 2017.3.4)  14 APR 2017 15:43
 restricted system commands enabled.
**cv-roald-example.tex
(./cv-roald-example.tex
LaTeX2e <2017/01/01> patch level 1
Lua module: luaotfload-main 2016/06/16 2.70003 OpenType layout system.
Lua module: lualibs 2016-04-06 2.4 ConTeXt Lua standard libraries.
Lua module: lualibs-extended 2016-04-06 2.4 ConTeXt Lua libraries -- extended co
llection.(using cache: C:/Users/ismail/AppData/Local/MiKTeX/2.9/luatex-cache/gen
eric)
luaotfload | conf : Root cache directory is C:/Users/ismail/AppData/Local/MiKTeX
/2.9/luatex-cache/generic/names.
luaotfload | init : Loading fontloader “fontloader-2016-06-16.lua” from kpse
-resolved path “C:/Program Files/MiKTeX 2.9/tex/luatex/luaotfload/fontloader-2
016-06-16.lua”.
Lua-only attribute luaotfload@state = 1
Lua-only attribute luaotfload@noligature = 2
Lua-only attribute luaotfload@syllabe = 3
luaotfload | init : Context OpenType loader version “3.023”
Inserting `luaotfload.node_processor' at position 1 in `pre_linebreak_filter'.
Inserting `luaotfload.node_processor' at position 1 in `hpack_filter'.
Inserting `luaotfload.define_font' at position 1 in `define_font'.
Lua-only attribute luaotfload_color_attribute = 4
luaotfload | conf : Root cache directory is C:/Users/ismail/AppData/Local/MiKTeX
/2.9/luatex-cache/generic/names.
Inserting `luaotfload.aux.set_sscale_dimens' at position 1 in `luaotfload.patch_
font'.
Inserting `luaotfload.aux.patch_cambria_domh' at position 2 in `luaotfload.patch
_font'.
Inserting `luaotfload.aux.fixup_fontdata' at position 1 in `luaotfload.patch_fon
t_unsafe'.
Inserting `luaotfload.aux.set_capheight' at position 3 in `luaotfload.patch_font
'.
Inserting `luaotfload.rewrite_fontname' at position 4 in `luaotfload.patch_font'
.
luaotfload | main : initialization completed in 1.193 seconds
Babel <3.9r> and hyphenation patterns for 1 language(s) loaded.
(./cv-roald.cls
Document Class: cv-roald 2017/01/30 My custom CV class
("C:/Program Files/MiKTeX 2.9/tex/latex/base/article.cls"
Document Class: article 2014/09/29 v1.4h Standard LaTeX document class
("C:/Program Files/MiKTeX 2.9/tex/latex/base/size10.clo"
File: size10.clo 2014/09/29 v1.4h Standard LaTeX file (size option)
luaotfload | db : Font names database loaded from C:/Users/ismail/AppData/Local/
MiKTeX/2.9/luatex-cache/generic/names/luaotfload-names.luc(load luc: C:/Users/is
mail/AppData/Local/MiKTeX/2.9/luatex-cache/generic/fonts/otl/lmroman10-regular.l
uc))
\c@part=\count79
\c@section=\count80
\c@subsection=\count81
\c@subsubsection=\count82
\c@paragraph=\count83
\c@subparagraph=\count84
\c@figure=\count85
\c@table=\count86
\abovecaptionskip=\skip41
\belowcaptionskip=\skip42
\bibindent=\dimen102
)
\margin=\skip43
\leftcol=\skip44
\hdrheight=\skip45
\vspacepar=\skip46
\hspaddress=\skip47
\FAspace=\skip48
 ("C:/Program Files/MiKTeX 2.9/tex/latex/fontspec/fontspec.sty"
(C:/Users/ismail/AppData/Roaming/MiKTeX/2.9/tex/latex/l3kernel/expl3.sty
Package: expl3 2017/02/10 v6878 L3 programming layer (loader) 

(C:/Users/ismail/AppData/Roaming/MiKTeX/2.9/tex/latex/l3kernel/expl3-code.tex
Package: expl3 2017/02/10 v6878 L3 programming layer (code)
L3 Module: l3bootstrap 2016/12/28 v6805 L3 Bootstrap code
\ucharcat@table=\catcodetable5
L3 Module: l3names 2016/12/28 v6805 L3 Namespace for primitives
L3 Module: l3basics 2016/12/28 v6805 L3 Basic definitions
L3 Module: l3expan 2016/12/28 v6805 L3 Argument expansion
L3 Module: l3tl 2017/02/06 v6842 L3 Token lists
L3 Module: l3str 2017/01/01 v6809 L3 Strings
L3 Module: l3seq 2017/02/06 v6842 L3 Sequences and stacks
L3 Module: l3int 2016/12/28 v6805 L3 Integers
\c_max_int=\count87
\l_tmpa_int=\count88
\l_tmpb_int=\count89
\g_tmpa_int=\count90
\g_tmpb_int=\count91
L3 Module: l3quark 2016/12/28 v6805 L3 Quarks
L3 Module: l3prg 2017/01/01 v6811 L3 Control structures
\g__prg_map_int=\count92
L3 Module: l3clist 2017/02/06 v6842 L3 Comma separated lists
L3 Module: l3token 2016/12/28 v6805 L3 Experimental token manipulation
L3 Module: l3prop 2016/12/28 v6805 L3 Property lists
L3 Module: l3msg 2016/12/28 v6805 L3 Messages
L3 Module: l3file 2016/12/28 v6805 L3 File and I/O operations
\l_iow_line_count_int=\count93
\l__iow_target_count_int=\count94
\l__iow_current_line_int=\count95
\l__iow_current_word_int=\count96
\l__iow_current_indentation_int=\count97
L3 Module: l3skip 2017/01/01 v6809 L3 Dimensions and skips
\c_zero_dim=\dimen103
\c_max_dim=\dimen104
\l_tmpa_dim=\dimen105
\l_tmpb_dim=\dimen106
\g_tmpa_dim=\dimen107
\g_tmpb_dim=\dimen108
\c_zero_skip=\skip49
\c_max_skip=\skip50
\l_tmpa_skip=\skip51
\l_tmpb_skip=\skip52
\g_tmpa_skip=\skip53
\g_tmpb_skip=\skip54
\c_zero_muskip=\muskip10
\c_max_muskip=\muskip11
\l_tmpa_muskip=\muskip12
\l_tmpb_muskip=\muskip13
\g_tmpa_muskip=\muskip14
\g_tmpb_muskip=\muskip15
L3 Module: l3keys 2017/01/01 v6811 L3 Key-value interfaces
\l_keys_choice_int=\count98
L3 Module: l3fp 2016/12/28 v6805 L3 Floating points
\c__fp_leading_shift_int=\count99
\c__fp_middle_shift_int=\count100
\c__fp_trailing_shift_int=\count101
\c__fp_big_leading_shift_int=\count102
\c__fp_big_middle_shift_int=\count103
\c__fp_big_trailing_shift_int=\count104
\c__fp_Bigg_leading_shift_int=\count105
\c__fp_Bigg_middle_shift_int=\count106
\c__fp_Bigg_trailing_shift_int=\count107
\c__fp_rand_size_int=\count108
\c__fp_rand_four_int=\count109
\c__fp_rand_eight_int=\count110
L3 Module: l3sort 2017/02/07 v6847 L3 Sorting functions
\l__sort_length_int=\count111
\l__sort_min_int=\count112
\l__sort_top_int=\count113
\l__sort_max_int=\count114
\l__sort_true_max_int=\count115
\l__sort_block_int=\count116
\l__sort_begin_int=\count117
\l__sort_end_int=\count118
\l__sort_A_int=\count119
\l__sort_B_int=\count120
\l__sort_C_int=\count121
L3 Module: l3box 2016/12/28 v6805 L3 Experimental boxes
\c_empty_box=\box26
\l_tmpa_box=\box27
\l_tmpb_box=\box28
\g_tmpa_box=\box29
\g_tmpb_box=\box30
L3 Module: l3coffins 2016/12/28 v6805 L3 Coffin code layer
\l__coffin_internal_box=\box31
\l__coffin_internal_dim=\dimen109
\l__coffin_offset_x_dim=\dimen110
\l__coffin_offset_y_dim=\dimen111
\l__coffin_x_dim=\dimen112
\l__coffin_y_dim=\dimen113
\l__coffin_x_prime_dim=\dimen114
\l__coffin_y_prime_dim=\dimen115
\c_empty_coffin=\box32
\l__coffin_aligned_coffin=\box33
\l__coffin_aligned_internal_coffin=\box34
\l_tmpa_coffin=\box35
\l_tmpb_coffin=\box36
\l__coffin_display_coffin=\box37
\l__coffin_display_coord_coffin=\box38
\l__coffin_display_pole_coffin=\box39
\l__coffin_display_offset_dim=\dimen116
\l__coffin_display_x_dim=\dimen117
\l__coffin_display_y_dim=\dimen118
L3 Module: l3color 2016/12/28 v6805 L3 Experimental color support
L3 Module: l3sys 2017/01/01 v6811 L3 Experimental system/runtime functions
L3 Module: l3candidates 2017/01/30 v6835 L3 Experimental additions to l3kernel
\l__box_top_dim=\dimen119
\l__box_bottom_dim=\dimen120
\l__box_left_dim=\dimen121
\l__box_right_dim=\dimen122
\l__box_top_new_dim=\dimen123
\l__box_bottom_new_dim=\dimen124
\l__box_left_new_dim=\dimen125
\l__box_right_new_dim=\dimen126
\l__box_internal_box=\box40
\l__coffin_bounding_shift_dim=\dimen127
\l__coffin_left_corner_dim=\dimen128
\l__coffin_right_corner_dim=\dimen129
\l__coffin_bottom_corner_dim=\dimen130
\l__coffin_top_corner_dim=\dimen131
\l__coffin_scaled_total_height_dim=\dimen132
\l__coffin_scaled_width_dim=\dimen133
L3 Module: l3luatex 2016/12/28 v6805 L3 Experimental LuaTeX-specific functions
)
(C:/Users/ismail/AppData/Roaming/MiKTeX/2.9/tex/latex/l3kernel/l3pdfmode.def
File: l3pdfmode.def 2016/12/28 v6805 L3 Experimental driver: PDF mode
\l__driver_color_stack_int=\count122
\l__driver_tmp_box=\box41
))
(C:/Users/ismail/AppData/Roaming/MiKTeX/2.9/tex/latex/l3packages/xparse/xparse.
sty
Package: xparse 2017/02/10 v6878 L3 Experimental document command parser
\l__xparse_current_arg_int=\count123
\g__xparse_grabber_int=\count124
\l__xparse_m_args_int=\count125
\l__xparse_mandatory_args_int=\count126
\l__xparse_v_nesting_int=\count127
)
Package: fontspec 2017/01/02 v2.5c Font selection for XeLaTeX and LuaLaTeX
Lua module: fontspec 2016/02/01 2.5a Advanced font selection for LuaLaTeX. ("C:
/Program Files/MiKTeX 2.9/tex/latex/fontspec/fontspec-luatex.sty"
Package: fontspec-luatex 2017/01/02 v2.5c Font selection for XeLaTeX and LuaLaTe
X
\l__fontspec_script_int=\count128
\l__fontspec_language_int=\count129
\l__fontspec_strnum_int=\count130
\l__fontspec_tmp_int=\count131
\l__fontspec_em_int=\count132
\l__fontspec_emdef_int=\count133
\l__fontspec_tmpa_dim=\dimen134
\l__fontspec_tmpb_dim=\dimen135
\l__fontspec_tmpc_dim=\dimen136
\g__file_internal_ior=\read1

("C:/Program Files/MiKTeX 2.9/tex/latex/base/fontenc.sty"
Package: fontenc 2017/01/24 v2.0c Standard LaTeX package

("C:/Program Files/MiKTeX 2.9/tex/latex/base/tuenc.def"
File: tuenc.def 2017/01/24 v2.0c Standard LaTeX file
LaTeX Font Info:    Redeclaring font encoding TU on input line 67.
))
.................................................
. LaTeX info: "xparse/define-command"
. 
. Defining command \fontspec with sig. 'O{}mO{}' on line 473.
.................................................
.................................................
. LaTeX info: "xparse/define-command"
. 
. Defining command \setmainfont with sig. 'O{}mO{}' on line 489.
.................................................
.................................................
. LaTeX info: "xparse/define-command"
. 
. Defining command \setsansfont with sig. 'O{}mO{}' on line 505.
.................................................
.................................................
. LaTeX info: "xparse/define-command"
. 
. Defining command \setmonofont with sig. 'O{}mO{}' on line 521.
.................................................
.................................................
. LaTeX info: "xparse/define-command"
. 
. Defining command \setmathrm with sig. 'O{}mO{}' on line 526.
.................................................
.................................................
. LaTeX info: "xparse/define-command"
. 
. Defining command \setboldmathrm with sig. 'O{}mO{}' on line 531.
.................................................
.................................................
. LaTeX info: "xparse/define-command"
. 
. Defining command \setmathsf with sig. 'O{}mO{}' on line 536.
.................................................
.................................................
. LaTeX info: "xparse/define-command"
. 
. Defining command \setmathtt with sig. 'O{}mO{}' on line 541.
.................................................
.................................................
. LaTeX info: "xparse/define-command"
. 
. Defining command \newfontfamily with sig. 'mO{}mO{}' on line 561.
.................................................
.................................................
. LaTeX info: "xparse/define-command"
. 
. Defining command \newfontface with sig. 'mO{}mO{}' on line 565.
.................................................
.................................................
. LaTeX info: "xparse/define-command"
. 
. Defining command \defaultfontfeatures with sig. 't+om' on line 572.
.................................................
.................................................
. LaTeX info: "xparse/define-command"
. 
. Defining command \addfontfeatures with sig. 'm' on line 621.
.................................................
.................................................
. LaTeX info: "xparse/define-command"
. 
. Defining command \newfontfeature with sig. 'mm' on line 632.
.................................................
.................................................
. LaTeX info: "xparse/define-command"
. 
. Defining command \newAATfeature with sig. 'mmmm' on line 640.
.................................................
.................................................
. LaTeX info: "xparse/define-command"
. 
. Defining command \newopentypefeature with sig. 'mmm' on line 648.
.................................................
.................................................
. LaTeX info: "xparse/define-command"
. 
. Defining command \aliasfontfeature with sig. 'mm' on line 669.
.................................................
.................................................
. LaTeX info: "xparse/define-command"
. 
. Defining command \aliasfontfeatureoption with sig. 'mmm' on line 686.
.................................................
.................................................
. LaTeX info: "xparse/define-command"
. 
. Defining command \newfontscript with sig. 'mm' on line 690.
.................................................
.................................................
. LaTeX info: "xparse/define-command"
. 
. Defining command \newfontlanguage with sig. 'mm' on line 694.
.................................................
.................................................
. LaTeX info: "xparse/define-command"
. 
. Defining command \DeclareFontsExtensions with sig. 'm' on line 699.
.................................................
.................................................
. LaTeX info: "xparse/define-command"
. 
. Defining command \IfFontFeatureActiveTF with sig. 'mmm' on line 705.
.................................................
.................................................
. LaTeX info: "xparse/define-command"
. 
. Defining command \EncodingCommand with sig. 'mO{}m' on line 3022.
.................................................
.................................................
. LaTeX info: "xparse/define-command"
. 
. Defining command \EncodingAccent with sig. 'mm' on line 3028.
.................................................
.................................................
. LaTeX info: "xparse/define-command"
. 
. Defining command \EncodingSymbol with sig. 'mm' on line 3034.
.................................................
.................................................
. LaTeX info: "xparse/define-command"
. 
. Defining command \EncodingComposite with sig. 'mmm' on line 3040.
.................................................
.................................................
. LaTeX info: "xparse/define-command"
. 
. Defining command \EncodingCompositeCommand with sig. 'mmm' on line 3046.
.................................................
.................................................
. LaTeX info: "xparse/define-command"
. 
. Defining command \DeclareUnicodeEncoding with sig. 'mm' on line 3071.
.................................................
.................................................
. LaTeX info: "xparse/define-command"
. 
. Defining command \UndeclareSymbol with sig. 'm' on line 3077.
.................................................
.................................................
. LaTeX info: "xparse/define-command"
. 
. Defining command \UndeclareComposite with sig. 'mm' on line 3085.
.................................................

("C:/Program Files/MiKTeX 2.9/tex/latex/fontspec/fontspec.cfg")
LaTeX Info: Redefining \itshape on input line 3265.
LaTeX Info: Redefining \slshape on input line 3270.
LaTeX Info: Redefining \scshape on input line 3275.
LaTeX Info: Redefining \upshape on input line 3280.
LaTeX Info: Redefining \em on input line 3300.
LaTeX Info: Redefining \emph on input line 3317.
(load luc: C:/Users/ismail/AppData/Local/MiKTeX/2.9/luatex-cache/generic/fonts/o
tl/lmroman10-italic.luc)
LaTeX Info: Redefining \- on input line 3324.
.................................................
. LaTeX info: "xparse/redefine-command"
. 
. Redefining command \oldstylenums with sig. 'm' on line 3419.
.................................................
.................................................
. LaTeX info: "xparse/define-command"
. 
. Defining command \liningnums with sig. 'm' on line 3423.
.................................................
))
(C:/Users/ismail/AppData/Roaming/MiKTeX/2.9/tex/latex/titlesec/titlesec.sty
Package: titlesec 2016/03/21 v2.10.2 Sectioning titles
\ttl@box=\box42
\beforetitleunit=\skip55
\aftertitleunit=\skip56
\ttl@plus=\dimen137
\ttl@minus=\dimen138
\ttl@toksa=\toks14
\titlewidth=\dimen139
\titlewidthlast=\dimen140
\titlewidthfirst=\dimen141
)
(C:/Users/ismail/AppData/Roaming/MiKTeX/2.9/tex/latex/pgf/frontendlayer/tikz.st
y (C:/Users/ismail/AppData/Roaming/MiKTeX/2.9/tex/latex/pgf/basiclayer/pgf.sty
(C:/Users/ismail/AppData/Roaming/MiKTeX/2.9/tex/latex/pgf/utilities/pgfrcs.sty
(C:/Users/ismail/AppData/Roaming/MiKTeX/2.9/tex/generic/pgf/utilities/pgfutil-c
ommon.tex
\pgfutil@everybye=\toks15
\pgfutil@tempdima=\dimen142
\pgfutil@tempdimb=\dimen143

(C:/Users/ismail/AppData/Roaming/MiKTeX/2.9/tex/generic/pgf/utilities/pgfutil-c
ommon-lists.tex))
(C:/Users/ismail/AppData/Roaming/MiKTeX/2.9/tex/generic/pgf/utilities/pgfutil-l
atex.def
\pgfutil@abb=\box43
 (C:/Users/ismail/AppData/Roaming/MiKTeX/2.9/tex/latex/ms/everyshi.sty
Package: everyshi 2001/05/15 v3.00 EveryShipout Package (MS)
))
(C:/Users/ismail/AppData/Roaming/MiKTeX/2.9/tex/generic/pgf/utilities/pgfrcs.co
de.tex
Package: pgfrcs 2015/08/07 v3.0.1a (rcs-revision 1.31)
))
Package: pgf 2015/08/07 v3.0.1a (rcs-revision 1.15)

(C:/Users/ismail/AppData/Roaming/MiKTeX/2.9/tex/latex/pgf/basiclayer/pgfcore.st
y ("C:/Program Files/MiKTeX 2.9/tex/latex/graphics/graphicx.sty"
Package: graphicx 2014/10/28 v1.0g Enhanced LaTeX Graphics (DPC,SPQR)

("C:/Program Files/MiKTeX 2.9/tex/latex/graphics/keyval.sty"
Package: keyval 2014/10/28 v1.15 key=value parser (DPC)
\KV@toks@=\toks16
)
("C:/Program Files/MiKTeX 2.9/tex/latex/graphics/graphics.sty"
Package: graphics 2016/10/09 v1.0u Standard LaTeX Graphics (DPC,SPQR)

("C:/Program Files/MiKTeX 2.9/tex/latex/graphics/trig.sty"
Package: trig 2016/01/03 v1.10 sin cos tan (DPC)
)
("C:/Program Files/MiKTeX 2.9/tex/latex/graphics-cfg/graphics.cfg"
File: graphics.cfg 2016/06/04 v1.11 sample graphics configuration
)
Package graphics Info: Driver file: luatex.def on input line 99.

("C:/Program Files/MiKTeX 2.9/tex/latex/graphics-def/luatex.def"
File: luatex.def 2017/01/12 v0.01h Graphics/Color for luaTeX

("C:/Program Files/MiKTeX 2.9/tex/generic/oberdiek/infwarerr.sty"
Package: infwarerr 2016/05/16 v1.4 Providing info/warning/error messages (HO)
)
("C:/Program Files/MiKTeX 2.9/tex/generic/oberdiek/ltxcmds.sty"
Package: ltxcmds 2016/05/16 v1.23 LaTeX kernel commands for general use (HO)
)
\Gread@gobject=\count134
))
\Gin@req@height=\dimen144
\Gin@req@width=\dimen145
)
(C:/Users/ismail/AppData/Roaming/MiKTeX/2.9/tex/latex/pgf/systemlayer/pgfsys.st
y
(C:/Users/ismail/AppData/Roaming/MiKTeX/2.9/tex/generic/pgf/systemlayer/pgfsys.
code.tex
Package: pgfsys 2014/07/09 v3.0.1a (rcs-revision 1.48)

(C:/Users/ismail/AppData/Roaming/MiKTeX/2.9/tex/generic/pgf/utilities/pgfkeys.c
ode.tex
\pgfkeys@pathtoks=\toks17
\pgfkeys@temptoks=\toks18

(C:/Users/ismail/AppData/Roaming/MiKTeX/2.9/tex/generic/pgf/utilities/pgfkeysfi
ltered.code.tex
\pgfkeys@tmptoks=\toks19
))
\pgf@x=\dimen146
\pgf@y=\dimen147
\pgf@xa=\dimen148
\pgf@ya=\dimen149
\pgf@xb=\dimen150
\pgf@yb=\dimen151
\pgf@xc=\dimen152
\pgf@yc=\dimen153
\w@pgf@writea=\write3
\r@pgf@reada=\read2
\c@pgf@counta=\count135
\c@pgf@countb=\count136
\c@pgf@countc=\count137
\c@pgf@countd=\count138
\t@pgf@toka=\toks20
\t@pgf@tokb=\toks21
\t@pgf@tokc=\toks22

(C:/Users/ismail/AppData/Roaming/MiKTeX/2.9/tex/generic/pgf/systemlayer/pgf.cfg
File: pgf.cfg 2008/05/14  (rcs-revision 1.7)
)
Driver file for pgf: pgfsys-luatex.def

(C:/Users/ismail/AppData/Roaming/MiKTeX/2.9/tex/generic/pgf/systemlayer/pgfsys-
luatex.def
File: pgfsys-luatex.def 2014/10/11  (rcs-revision 1.35)

(C:/Users/ismail/AppData/Roaming/MiKTeX/2.9/tex/generic/pgf/systemlayer/pgfsys-
common-pdf.def
File: pgfsys-common-pdf.def 2013/10/10  (rcs-revision 1.13)
)))
(C:/Users/ismail/AppData/Roaming/MiKTeX/2.9/tex/generic/pgf/systemlayer/pgfsyss
oftpath.code.tex
File: pgfsyssoftpath.code.tex 2013/09/09  (rcs-revision 1.9)
\pgfsyssoftpath@smallbuffer@items=\count139
\pgfsyssoftpath@bigbuffer@items=\count140
)
(C:/Users/ismail/AppData/Roaming/MiKTeX/2.9/tex/generic/pgf/systemlayer/pgfsysp
rotocol.code.tex
File: pgfsysprotocol.code.tex 2006/10/16  (rcs-revision 1.4)
))
(C:/Users/ismail/AppData/Roaming/MiKTeX/2.9/tex/latex/xcolor/xcolor.sty
Package: xcolor 2016/05/11 v2.12 LaTeX color extensions (UK)

("C:/Program Files/MiKTeX 2.9/tex/latex/graphics-cfg/color.cfg"
File: color.cfg 2016/01/02 v1.6 sample color configuration
)
Package xcolor Info: Driver file: luatex.def on input line 225.
Package xcolor Info: Model `cmy' substituted by `cmy0' on input line 1348.
Package xcolor Info: Model `hsb' substituted by `rgb' on input line 1352.
Package xcolor Info: Model `RGB' extended on input line 1364.
Package xcolor Info: Model `HTML' substituted by `rgb' on input line 1366.
Package xcolor Info: Model `Hsb' substituted by `hsb' on input line 1367.
Package xcolor Info: Model `tHsb' substituted by `hsb' on input line 1368.
Package xcolor Info: Model `HSB' substituted by `hsb' on input line 1369.
Package xcolor Info: Model `Gray' substituted by `gray' on input line 1370.
Package xcolor Info: Model `wave' substituted by `hsb' on input line 1371.
)
(C:/Users/ismail/AppData/Roaming/MiKTeX/2.9/tex/generic/pgf/basiclayer/pgfcore.
code.tex
Package: pgfcore 2010/04/11 v3.0.1a (rcs-revision 1.7)

(C:/Users/ismail/AppData/Roaming/MiKTeX/2.9/tex/generic/pgf/math/pgfmath.code.t
ex
(C:/Users/ismail/AppData/Roaming/MiKTeX/2.9/tex/generic/pgf/math/pgfmathcalc.co
de.tex
(C:/Users/ismail/AppData/Roaming/MiKTeX/2.9/tex/generic/pgf/math/pgfmathutil.co
de.tex)
(C:/Users/ismail/AppData/Roaming/MiKTeX/2.9/tex/generic/pgf/math/pgfmathparser.
code.tex
\pgfmath@dimen=\dimen154
\pgfmath@count=\count141
\pgfmath@box=\box44
\pgfmath@toks=\toks23
\pgfmath@stack@operand=\toks24
\pgfmath@stack@operation=\toks25
)
(C:/Users/ismail/AppData/Roaming/MiKTeX/2.9/tex/generic/pgf/math/pgfmathfunctio
ns.code.tex
(C:/Users/ismail/AppData/Roaming/MiKTeX/2.9/tex/generic/pgf/math/pgfmathfunctio
ns.basic.code.tex)
(C:/Users/ismail/AppData/Roaming/MiKTeX/2.9/tex/generic/pgf/math/pgfmathfunctio
ns.trigonometric.code.tex)
(C:/Users/ismail/AppData/Roaming/MiKTeX/2.9/tex/generic/pgf/math/pgfmathfunctio
ns.random.code.tex)
(C:/Users/ismail/AppData/Roaming/MiKTeX/2.9/tex/generic/pgf/math/pgfmathfunctio
ns.comparison.code.tex)
(C:/Users/ismail/AppData/Roaming/MiKTeX/2.9/tex/generic/pgf/math/pgfmathfunctio
ns.base.code.tex)
(C:/Users/ismail/AppData/Roaming/MiKTeX/2.9/tex/generic/pgf/math/pgfmathfunctio
ns.round.code.tex)
(C:/Users/ismail/AppData/Roaming/MiKTeX/2.9/tex/generic/pgf/math/pgfmathfunctio
ns.misc.code.tex)
(C:/Users/ismail/AppData/Roaming/MiKTeX/2.9/tex/generic/pgf/math/pgfmathfunctio
ns.integerarithmetics.code.tex)))
(C:/Users/ismail/AppData/Roaming/MiKTeX/2.9/tex/generic/pgf/math/pgfmathfloat.c
ode.tex
\c@pgfmathroundto@lastzeros=\count142
))
(C:/Users/ismail/AppData/Roaming/MiKTeX/2.9/tex/generic/pgf/basiclayer/pgfcorep
oints.code.tex
File: pgfcorepoints.code.tex 2013/10/07  (rcs-revision 1.27)
\pgf@picminx=\dimen155
\pgf@picmaxx=\dimen156
\pgf@picminy=\dimen157
\pgf@picmaxy=\dimen158
\pgf@pathminx=\dimen159
\pgf@pathmaxx=\dimen160
\pgf@pathminy=\dimen161
\pgf@pathmaxy=\dimen162
\pgf@xx=\dimen163
\pgf@xy=\dimen164
\pgf@yx=\dimen165
\pgf@yy=\dimen166
\pgf@zx=\dimen167
\pgf@zy=\dimen168
)
(C:/Users/ismail/AppData/Roaming/MiKTeX/2.9/tex/generic/pgf/basiclayer/pgfcorep
athconstruct.code.tex
File: pgfcorepathconstruct.code.tex 2013/10/07  (rcs-revision 1.29)
\pgf@path@lastx=\dimen169
\pgf@path@lasty=\dimen170
)
(C:/Users/ismail/AppData/Roaming/MiKTeX/2.9/tex/generic/pgf/basiclayer/pgfcorep
athusage.code.tex
File: pgfcorepathusage.code.tex 2014/11/02  (rcs-revision 1.24)
\pgf@shorten@end@additional=\dimen171
\pgf@shorten@start@additional=\dimen172
)
(C:/Users/ismail/AppData/Roaming/MiKTeX/2.9/tex/generic/pgf/basiclayer/pgfcores
copes.code.tex
File: pgfcorescopes.code.tex 2015/05/08  (rcs-revision 1.46)
\pgfpic=\box45
\pgf@hbox=\box46
\pgf@layerbox@main=\box47
\pgf@picture@serial@count=\count143
)
(C:/Users/ismail/AppData/Roaming/MiKTeX/2.9/tex/generic/pgf/basiclayer/pgfcoreg
raphicstate.code.tex
File: pgfcoregraphicstate.code.tex 2014/11/02  (rcs-revision 1.12)
\pgflinewidth=\dimen173
)
(C:/Users/ismail/AppData/Roaming/MiKTeX/2.9/tex/generic/pgf/basiclayer/pgfcoret
ransformations.code.tex
File: pgfcoretransformations.code.tex 2015/08/07  (rcs-revision 1.20)
\pgf@pt@x=\dimen174
\pgf@pt@y=\dimen175
\pgf@pt@temp=\dimen176
)
(C:/Users/ismail/AppData/Roaming/MiKTeX/2.9/tex/generic/pgf/basiclayer/pgfcoreq
uick.code.tex
File: pgfcorequick.code.tex 2008/10/09  (rcs-revision 1.3)
)
(C:/Users/ismail/AppData/Roaming/MiKTeX/2.9/tex/generic/pgf/basiclayer/pgfcoreo
bjects.code.tex
File: pgfcoreobjects.code.tex 2006/10/11  (rcs-revision 1.2)
)
(C:/Users/ismail/AppData/Roaming/MiKTeX/2.9/tex/generic/pgf/basiclayer/pgfcorep
athprocessing.code.tex
File: pgfcorepathprocessing.code.tex 2013/09/09  (rcs-revision 1.9)
)
(C:/Users/ismail/AppData/Roaming/MiKTeX/2.9/tex/generic/pgf/basiclayer/pgfcorea
rrows.code.tex
File: pgfcorearrows.code.tex 2015/05/14  (rcs-revision 1.43)
\pgfarrowsep=\dimen177
)
(C:/Users/ismail/AppData/Roaming/MiKTeX/2.9/tex/generic/pgf/basiclayer/pgfcores
hade.code.tex
File: pgfcoreshade.code.tex 2013/07/15  (rcs-revision 1.15)
\pgf@max=\dimen178
\pgf@sys@shading@range@num=\count144
)
(C:/Users/ismail/AppData/Roaming/MiKTeX/2.9/tex/generic/pgf/basiclayer/pgfcorei
mage.code.tex
File: pgfcoreimage.code.tex 2013/07/15  (rcs-revision 1.18)

(C:/Users/ismail/AppData/Roaming/MiKTeX/2.9/tex/generic/pgf/basiclayer/pgfcoree
xternal.code.tex
File: pgfcoreexternal.code.tex 2014/07/09  (rcs-revision 1.21)
\pgfexternal@startupbox=\box48
))
(C:/Users/ismail/AppData/Roaming/MiKTeX/2.9/tex/generic/pgf/basiclayer/pgfcorel
ayers.code.tex
File: pgfcorelayers.code.tex 2013/07/18  (rcs-revision 1.7)
)
(C:/Users/ismail/AppData/Roaming/MiKTeX/2.9/tex/generic/pgf/basiclayer/pgfcoret
ransparency.code.tex
File: pgfcoretransparency.code.tex 2013/09/30  (rcs-revision 1.5)
)
(C:/Users/ismail/AppData/Roaming/MiKTeX/2.9/tex/generic/pgf/basiclayer/pgfcorep
atterns.code.tex
File: pgfcorepatterns.code.tex 2013/11/07  (rcs-revision 1.5)
)))
(C:/Users/ismail/AppData/Roaming/MiKTeX/2.9/tex/generic/pgf/modules/pgfmodulesh
apes.code.tex
File: pgfmoduleshapes.code.tex 2014/03/21  (rcs-revision 1.35)
\pgfnodeparttextbox=\box49
)
(C:/Users/ismail/AppData/Roaming/MiKTeX/2.9/tex/generic/pgf/modules/pgfmodulepl
ot.code.tex
File: pgfmoduleplot.code.tex 2015/08/03  (rcs-revision 1.13)
)
(C:/Users/ismail/AppData/Roaming/MiKTeX/2.9/tex/latex/pgf/compatibility/pgfcomp
-version-0-65.sty
Package: pgfcomp-version-0-65 2007/07/03 v3.0.1a (rcs-revision 1.7)
\pgf@nodesepstart=\dimen179
\pgf@nodesepend=\dimen180
)
(C:/Users/ismail/AppData/Roaming/MiKTeX/2.9/tex/latex/pgf/compatibility/pgfcomp
-version-1-18.sty
Package: pgfcomp-version-1-18 2007/07/23 v3.0.1a (rcs-revision 1.1)
))
(C:/Users/ismail/AppData/Roaming/MiKTeX/2.9/tex/latex/pgf/utilities/pgffor.sty
(C:/Users/ismail/AppData/Roaming/MiKTeX/2.9/tex/latex/pgf/utilities/pgfkeys.sty

(C:/Users/ismail/AppData/Roaming/MiKTeX/2.9/tex/generic/pgf/utilities/pgfkeys.c
ode.tex))
(C:/Users/ismail/AppData/Roaming/MiKTeX/2.9/tex/latex/pgf/math/pgfmath.sty
(C:/Users/ismail/AppData/Roaming/MiKTeX/2.9/tex/generic/pgf/math/pgfmath.code.t
ex))
(C:/Users/ismail/AppData/Roaming/MiKTeX/2.9/tex/generic/pgf/utilities/pgffor.co
de.tex
Package: pgffor 2013/12/13 v3.0.1a (rcs-revision 1.25)

(C:/Users/ismail/AppData/Roaming/MiKTeX/2.9/tex/generic/pgf/math/pgfmath.code.t
ex)
\pgffor@iter=\dimen181
\pgffor@skip=\dimen182
\pgffor@stack=\toks26
\pgffor@toks=\toks27
))
(C:/Users/ismail/AppData/Roaming/MiKTeX/2.9/tex/generic/pgf/frontendlayer/tikz/
tikz.code.tex
Package: tikz 2015/08/07 v3.0.1a (rcs-revision 1.151)

(C:/Users/ismail/AppData/Roaming/MiKTeX/2.9/tex/generic/pgf/libraries/pgflibrar
yplothandlers.code.tex
File: pgflibraryplothandlers.code.tex 2013/08/31 v3.0.1a (rcs-revision 1.20)
\pgf@plot@mark@count=\count145
\pgfplotmarksize=\dimen183
)
\tikz@lastx=\dimen184
\tikz@lasty=\dimen185
\tikz@lastxsaved=\dimen186
\tikz@lastysaved=\dimen187
\tikzleveldistance=\dimen188
\tikzsiblingdistance=\dimen189
\tikz@figbox=\box50
\tikz@figbox@bg=\box51
\tikz@tempbox=\box52
\tikz@tempbox@bg=\box53
\tikztreelevel=\count146
\tikznumberofchildren=\count147
\tikznumberofcurrentchild=\count148
\tikz@fig@count=\count149

(C:/Users/ismail/AppData/Roaming/MiKTeX/2.9/tex/generic/pgf/modules/pgfmodulema
trix.code.tex
File: pgfmodulematrix.code.tex 2013/09/17  (rcs-revision 1.8)
\pgfmatrixcurrentrow=\count150
\pgfmatrixcurrentcolumn=\count151
\pgf@matrix@numberofcolumns=\count152
)
\tikz@expandcount=\count153

(C:/Users/ismail/AppData/Roaming/MiKTeX/2.9/tex/generic/pgf/frontendlayer/tikz/
libraries/tikzlibrarytopaths.code.tex
File: tikzlibrarytopaths.code.tex 2008/06/17 v3.0.1a (rcs-revision 1.2)
)))
("C:/Program Files/MiKTeX 2.9/tex/latex/geometry/geometry.sty"
Package: geometry 2010/09/12 v5.6 Page Geometry

("C:/Program Files/MiKTeX 2.9/tex/generic/oberdiek/ifpdf.sty"
Package: ifpdf 2016/05/14 v3.1 Provides the ifpdf switch
)
("C:/Program Files/MiKTeX 2.9/tex/generic/oberdiek/ifvtex.sty"
Package: ifvtex 2016/05/16 v1.6 Detect VTeX and its facilities (HO)
Package ifvtex Info: VTeX not detected.
)
("C:/Program Files/MiKTeX 2.9/tex/generic/ifxetex/ifxetex.sty"
Package: ifxetex 2010/09/12 v0.6 Provides ifxetex conditional
)
\Gm@cnth=\count154
\Gm@cntv=\count155
\c@Gm@tempcnt=\count156
\Gm@bindingoffset=\dimen190
\Gm@wd@mp=\dimen191
\Gm@odd@mp=\dimen192
\Gm@even@mp=\dimen193
\Gm@layoutwidth=\dimen194
\Gm@layoutheight=\dimen195
\Gm@layouthoffset=\dimen196
\Gm@layoutvoffset=\dimen197
\Gm@dimlist=\toks28

("C:/Program Files/MiKTeX 2.9/tex/latex/geometry/geometry.cfg"))
(C:/Users/ismail/AppData/Roaming/MiKTeX/2.9/tex/latex/fontawesome/fontawesome.s
ty
Package: fontawesome 2016/05/15 v4.6.3.1 font awesome icons
 ("C:/Program Files/MiKTeX 2.9/tex/generic/oberdiek/ifluatex.sty"
Package: ifluatex 2016/05/16 v1.4 Provides the ifluatex switch (HO)
Package ifluatex Info: LuaTeX detected.
)
(C:/Users/ismail/AppData/Roaming/MiKTeX/2.9/tex/latex/fontawesome/fontawesomesy
mbols-generic.tex)
luaotfload | load : warning: path in file: lookups is deprecated; 
luaotfload | load : use bracket syntax instead!
luaotfload | load : position: 23; full match: "Fonts/FontAwesome"
luaotfload | db : Reload initiated (formats: otf,ttf,ttc); reason: "File not fou
nd: Fonts/FontAwesome.".(load luc: C:/Users/ismail/AppData/Local/MiKTeX/2.9/luat
ex-cache/generic/fonts/otl/fontawesome.luc)
luaotfload | load : warning: path in file: lookups is deprecated; 
luaotfload | load : use bracket syntax instead!
luaotfload | load : position: 23; full match: "Fonts/FontAwesome"
luaotfload | aux : font no 17 (<unknown>) defines no feature for script latn
luaotfload | aux : no font with id 17
.................................................
. fontspec info: "no-scripts"
. 
. Font "FontAwesome" does not contain any OpenType `Script' information.
.................................................
\g__fontspec_family_FontAwesome_int=\count157
luaotfload | load : warning: path in file: lookups is deprecated; 
luaotfload | load : use bracket syntax instead!
luaotfload | load : position: 23; full match: "Fonts/FontAwesome"
luaotfload | load : warning: path in file: lookups is deprecated; 
luaotfload | load : use bracket syntax instead!
luaotfload | load : position: 23; full match: "Fonts/FontAwesome"
luaotfload | aux : font no 17 (<unknown>) does not define feature smcp for scrip
t  with language 
luaotfload | aux : no font with id 17
.................................................
. fontspec info: "defining-font"
. 
. Font family 'FontAwesome(0)' created for font 'FontAwesome' with options
. [Path = Fonts/].
.  
.  This font family consists of the following NFSS series/shapes:
.  
. - 'normal' (m/n) with NFSS spec.: <->"file:Fonts/FontAwesome:mode=node;"
. - 'small caps'  (m/sc) with NFSS spec.: 
.................................................

(C:/Users/ismail/AppData/Roaming/MiKTeX/2.9/tex/latex/fontawesome/fontawesomesy
mbols-xeluatex.tex)) ("C:/Program Files/MiKTeX 2.9/tex/latex/tools/calc.sty"
Package: calc 2014/10/28 v4.3 Infix arithmetic (KKT,FJ)
\calc@Acount=\count158
\calc@Bcount=\count159
\calc@Adimen=\dimen198
\calc@Bdimen=\dimen199
\calc@Askip=\skip57
\calc@Bskip=\skip58
LaTeX Info: Redefining \setlength on input line 80.
LaTeX Info: Redefining \addtolength on input line 81.
\calc@Ccount=\count160
\calc@Cskip=\skip59
)
("C:/Program Files/MiKTeX 2.9/tex/latex/tools/tabularx.sty"
Package: tabularx 2016/02/03 v2.11 `tabularx' package (DPC)

("C:/Program Files/MiKTeX 2.9/tex/latex/tools/array.sty"
Package: array 2016/10/06 v2.4d Tabular extension package (FMi)
\col@sep=\dimen256
\extrarowheight=\dimen257
\NC@list=\toks29
\extratabsurround=\skip60
\backup@length=\skip61
)
\TX@col@width=\dimen258
\TX@old@table=\dimen259
\TX@old@col=\dimen260
\TX@target=\dimen261
\TX@delta=\dimen262
\TX@cols=\count161
\TX@ftn=\toks30
)
(C:/Users/ismail/AppData/Roaming/MiKTeX/2.9/tex/latex/enumitem/enumitem.sty
Package: enumitem 2011/09/28 v3.5.2 Customized lists
\labelindent=\skip62
\enit@outerparindent=\dimen263
\enit@toks=\toks31
\enit@inbox=\box54
\enitdp@description=\count162
)
("C:/Program Files/MiKTeX 2.9/tex/latex/ltxmisc/parskip.sty"
Package: parskip 2001/04/09 non-zero parskip adjustments
)
\hdrskip=\skip63
\rightcol=\skip64
\LeftColBody=\skip65
\RightColBody=\skip66
luaotfload | load : warning: path in file: lookups is deprecated; 
luaotfload | load : use bracket syntax instead!
luaotfload | load : position: 35; full match: "Fonts/SourceSansPro-Light.otf"(lo
ad luc: C:/Users/ismail/AppData/Local/MiKTeX/2.9/luatex-cache/generic/fonts/otl/
sourcesanspro-light.luc)
luaotfload | load : warning: path in file: lookups is deprecated; 
luaotfload | load : use bracket syntax instead!
luaotfload | load : position: 35; full match: "Fonts/SourceSansPro-Light.otf"
\g__fontspec_family_SourceSansPro_int=\count163
luaotfload | load : warning: path in file: lookups is deprecated; 
luaotfload | load : use bracket syntax instead!
luaotfload | load : position: 35; full match: "Fonts/SourceSansPro-Light.otf"
luaotfload | load : warning: path in file: lookups is deprecated; 
luaotfload | load : use bracket syntax instead!
luaotfload | load : position: 35; full match: "Fonts/SourceSansPro-Light.otf"
luaotfload | load : warning: path in file: lookups is deprecated; 
luaotfload | load : use bracket syntax instead!
luaotfload | load : position: 38; full match: "Fonts/SourceSansPro-Semibold.otf"
(load luc: C:/Users/ismail/AppData/Local/MiKTeX/2.9/luatex-cache/generic/fonts/o
tl/sourcesanspro-semibold.luc)
luaotfload | load : warning: path in file: lookups is deprecated; 
luaotfload | load : use bracket syntax instead!
luaotfload | load : position: 38; full match: "Fonts/SourceSansPro-Semibold.otf"
luaotfload | load : warning: path in file: lookups is deprecated; 
luaotfload | load : use bracket syntax instead!
luaotfload | load : position: 37; full match: "Fonts/SourceSansPro-LightIt.otf"(
load luc: C:/Users/ismail/AppData/Local/MiKTeX/2.9/luatex-cache/generic/fonts/ot
l/sourcesanspro-lightit.luc)
luaotfload | load : warning: path in file: lookups is deprecated; 
luaotfload | load : use bracket syntax instead!
luaotfload | load : position: 37; full match: "Fonts/SourceSansPro-LightIt.otf"
luaotfload | aux : font no 20 (<unknown>) does not define feature smcp for scrip
t latn with language dflt
luaotfload | aux : no font with id 20
.................................................
. fontspec info: "defining-font"
. 
. Font family 'SourceSansPro(0)' created for font 'SourceSansPro' with options
. [Path = Fonts/,Ligatures=TeX,Path = Fonts/,Extension = .otf,UprightFont =
. *-Light,ItalicFont = *-LightIt,BoldFont = *-Semibold].
.  
.  This font family consists of the following NFSS series/shapes:
.  
. - 'normal' (m/n) with NFSS spec.:
. <->"file:Fonts/SourceSansPro-Light.otf:mode=node;script=latn;language=DFLT;+tl
ig;"
. - 'small caps'  (m/sc) with NFSS spec.:
. <->"file:Fonts/SourceSansPro-Light.otf:mode=node;script=latn;language=DFLT;+tl
ig;+smcp;"
. - 'bold' (bx/n) with NFSS spec.:
. <->"file:Fonts/SourceSansPro-Semibold.otf:mode=node;script=latn;language=DFLT;
+tlig;"
. - 'bold small caps'  (bx/sc) with NFSS spec.:
. <->"file:Fonts/SourceSansPro-Semibold.otf:mode=node;script=latn;language=DFLT;
+tlig;+smcp;"
. - 'italic' (m/it) with NFSS spec.:
. <->"file:Fonts/SourceSansPro-LightIt.otf:mode=node;script=latn;language=DFLT;+
tlig;"
. - 'italic small caps'  (m/itsc) with NFSS spec.: 
.................................................
LaTeX Info: Redefining \rmfamily on input line 68.
luaotfload | load : warning: path in file: lookups is deprecated; 
luaotfload | load : use bracket syntax instead!
luaotfload | load : position: 35; full match: "Fonts/SourceSansPro-Light.otf"
luaotfload | load : warning: path in file: lookups is deprecated; 
luaotfload | load : use bracket syntax instead!
luaotfload | load : position: 36; full match: "Fonts/AdventPro-ExtraLight.ttf"(l
oad luc: C:/Users/ismail/AppData/Local/MiKTeX/2.9/luatex-cache/generic/fonts/otl
/adventpro-extralight.luc)
luaotfload | load : warning: path in file: lookups is deprecated; 
luaotfload | load : use bracket syntax instead!
luaotfload | load : position: 36; full match: "Fonts/AdventPro-ExtraLight.ttf"
\g__fontspec_family_AdventPro_int=\count164
luaotfload | load : warning: path in file: lookups is deprecated; 
luaotfload | load : use bracket syntax instead!
luaotfload | load : position: 36; full match: "Fonts/AdventPro-ExtraLight.ttf"
luaotfload | load : warning: path in file: lookups is deprecated; 
luaotfload | load : use bracket syntax instead!
luaotfload | load : position: 36; full match: "Fonts/AdventPro-ExtraLight.ttf"
luaotfload | aux : font no 22 (<unknown>) does not define feature smcp for scrip
t latn with language dflt
luaotfload | aux : no font with id 22
luaotfload | load : warning: path in file: lookups is deprecated; 
luaotfload | load : use bracket syntax instead!
luaotfload | load : position: 34; full match: "Fonts/AdventPro-SemiBold.ttf"(loa
d luc: C:/Users/ismail/AppData/Local/MiKTeX/2.9/luatex-cache/generic/fonts/otl/a
dventpro-semibold.luc)
luaotfload | load : warning: path in file: lookups is deprecated; 
luaotfload | load : use bracket syntax instead!
luaotfload | load : position: 34; full match: "Fonts/AdventPro-SemiBold.ttf"
luaotfload | aux : font no 23 (<unknown>) does not define feature smcp for scrip
t latn with language dflt
luaotfload | aux : no font with id 23
.................................................
. fontspec info: "defining-font"
. 
. Font family 'AdventPro(0)' created for font 'AdventPro' with options [Path =
. Fonts/,Path = Fonts/,Extension = .ttf,UprightFont = *-ExtraLight,BoldFont =
. *-SemiBold].
.  
.  This font family consists of the following NFSS series/shapes:
.  
. - 'normal' (m/n) with NFSS spec.:
. <->"file:Fonts/AdventPro-ExtraLight.ttf:mode=node;script=latn;language=DFLT;"
. - 'small caps'  (m/sc) with NFSS spec.: 
. - 'bold' (bx/n) with NFSS spec.:
. <->"file:Fonts/AdventPro-SemiBold.ttf:mode=node;script=latn;language=DFLT;"
. - 'bold small caps'  (bx/sc) with NFSS spec.: 
.................................................
) (./cv-roald-example.aux)
\openout1 = cv-roald-example.aux

LaTeX Font Info:    Checking defaults for OML/cmm/m/it on input line 3.
LaTeX Font Info:    ... okay on input line 3.
LaTeX Font Info:    Checking defaults for T1/cmr/m/n on input line 3.
LaTeX Font Info:    ... okay on input line 3.
LaTeX Font Info:    Checking defaults for OT1/cmr/m/n on input line 3.
LaTeX Font Info:    ... okay on input line 3.
LaTeX Font Info:    Checking defaults for OMS/cmsy/m/n on input line 3.
LaTeX Font Info:    ... okay on input line 3.
LaTeX Font Info:    Checking defaults for TU/lmr/m/n on input line 3.
LaTeX Font Info:    ... okay on input line 3.
LaTeX Font Info:    Checking defaults for OMX/cmex/m/n on input line 3.
LaTeX Font Info:    ... okay on input line 3.
LaTeX Font Info:    Checking defaults for U/cmr/m/n on input line 3.
LaTeX Font Info:    ... okay on input line 3.
.................................................
. fontspec info: "setup-math"
. 
. Adjusting the maths setup (use [no-math] to avoid this).
.................................................
\symlegacymaths=\mathgroup4
LaTeX Font Info:    Overwriting symbol font `legacymaths' in version `bold'
(Font)                  OT1/cmr/m/n --> OT1/cmr/bx/n on input line 3.
LaTeX Font Info:    Redeclaring math accent \acute on input line 3.
LaTeX Font Info:    Redeclaring math accent \grave on input line 3.
LaTeX Font Info:    Redeclaring math accent \ddot on input line 3.
LaTeX Font Info:    Redeclaring math accent \tilde on input line 3.
LaTeX Font Info:    Redeclaring math accent \bar on input line 3.
LaTeX Font Info:    Redeclaring math accent \breve on input line 3.
LaTeX Font Info:    Redeclaring math accent \check on input line 3.
LaTeX Font Info:    Redeclaring math accent \hat on input line 3.
LaTeX Font Info:    Redeclaring math accent \dot on input line 3.
LaTeX Font Info:    Redeclaring math accent \mathring on input line 3.
LaTeX Font Info:    Redeclaring math symbol \colon on input line 3.
LaTeX Font Info:    Redeclaring math symbol \Gamma on input line 3.
LaTeX Font Info:    Redeclaring math symbol \Delta on input line 3.
LaTeX Font Info:    Redeclaring math symbol \Theta on input line 3.
LaTeX Font Info:    Redeclaring math symbol \Lambda on input line 3.
LaTeX Font Info:    Redeclaring math symbol \Xi on input line 3.
LaTeX Font Info:    Redeclaring math symbol \Pi on input line 3.
LaTeX Font Info:    Redeclaring math symbol \Sigma on input line 3.
LaTeX Font Info:    Redeclaring math symbol \Upsilon on input line 3.
LaTeX Font Info:    Redeclaring math symbol \Phi on input line 3.
LaTeX Font Info:    Redeclaring math symbol \Psi on input line 3.
LaTeX Font Info:    Redeclaring math symbol \Omega on input line 3.
LaTeX Font Info:    Redeclaring math symbol \mathdollar on input line 3.
LaTeX Font Info:    Redeclaring symbol font `operators' on input line 3.
LaTeX Font Info:    Encoding `OT1' has changed to `TU' for symbol font
(Font)              `operators' in the math version `normal' on input line 3.
LaTeX Font Info:    Overwriting symbol font `operators' in version `normal'
(Font)                  OT1/cmr/m/n --> TU/SourceSansPro(0)/m/n on input line 3.

LaTeX Font Info:    Encoding `OT1' has changed to `TU' for symbol font
(Font)              `operators' in the math version `bold' on input line 3.
LaTeX Font Info:    Overwriting symbol font `operators' in version `bold'
(Font)                  OT1/cmr/bx/n --> TU/SourceSansPro(0)/m/n on input line 3
.
LaTeX Font Info:    Overwriting symbol font `operators' in version `normal'
(Font)                  TU/SourceSansPro(0)/m/n --> TU/SourceSansPro(0)/m/n on i
nput line 3.
LaTeX Font Info:    Overwriting math alphabet `\mathit' in version `normal'
(Font)                  OT1/cmr/m/it --> TU/SourceSansPro(0)/m/it on input line 
3.
LaTeX Font Info:    Overwriting math alphabet `\mathbf' in version `normal'
(Font)                  OT1/cmr/bx/n --> TU/SourceSansPro(0)/bx/n on input line 
3.
LaTeX Font Info:    Overwriting math alphabet `\mathsf' in version `normal'
(Font)                  OT1/cmss/m/n --> TU/lmss/m/n on input line 3.
LaTeX Font Info:    Overwriting math alphabet `\mathtt' in version `normal'
(Font)                  OT1/cmtt/m/n --> TU/lmtt/m/n on input line 3.
LaTeX Font Info:    Overwriting symbol font `operators' in version `bold'
(Font)                  TU/SourceSansPro(0)/m/n --> TU/SourceSansPro(0)/bx/n on 
input line 3.
LaTeX Font Info:    Overwriting math alphabet `\mathit' in version `bold'
(Font)                  OT1/cmr/bx/it --> TU/SourceSansPro(0)/bx/it on input lin
e 3.
LaTeX Font Info:    Overwriting math alphabet `\mathsf' in version `bold'
(Font)                  OT1/cmss/bx/n --> TU/lmss/bx/n on input line 3.
LaTeX Font Info:    Overwriting math alphabet `\mathtt' in version `bold'
(Font)                  OT1/cmtt/m/n --> TU/lmtt/bx/n on input line 3.

ABD: EveryShipout initializing macros
(C:/Users/ismail/AppData/Roaming/MiKTeX/2.9/tex/context/base/supp-pdf.mkii
[Loading MPS to PDF converter (version 2006.09.02).]
\scratchcounter=\count165
\scratchdimen=\dimen264
\scratchbox=\box55
\nofMPsegments=\count166
\nofMParguments=\count167
\everyMPshowfont=\toks32
\MPscratchCnt=\count168
\MPscratchDim=\dimen265
\MPnumerator=\count169
\makeMPintoPDFobject=\count170
\everyMPtoPDFconversion=\toks33
) ("C:/Program Files/MiKTeX 2.9/tex/latex/oberdiek/epstopdf-base.sty"
Package: epstopdf-base 2016/05/15 v2.6 Base part for package epstopdf

("C:/Program Files/MiKTeX 2.9/tex/latex/oberdiek/grfext.sty"
Package: grfext 2016/05/16 v1.2 Manage graphics extensions (HO)

("C:/Program Files/MiKTeX 2.9/tex/generic/oberdiek/kvdefinekeys.sty"
Package: kvdefinekeys 2016/05/16 v1.4 Define keys (HO)
))
("C:/Program Files/MiKTeX 2.9/tex/latex/oberdiek/kvoptions.sty"
Package: kvoptions 2016/05/16 v3.12 Key value format for package options (HO)

("C:/Program Files/MiKTeX 2.9/tex/generic/oberdiek/kvsetkeys.sty"
Package: kvsetkeys 2016/05/16 v1.17 Key value parser (HO)

("C:/Program Files/MiKTeX 2.9/tex/generic/oberdiek/etexcmds.sty"
Package: etexcmds 2016/05/16 v1.6 Avoid name clashes with e-TeX commands (HO)
)))
("C:/Program Files/MiKTeX 2.9/tex/generic/oberdiek/pdftexcmds.sty"
Package: pdftexcmds 2016/05/21 v0.22 Utility functions of pdfTeX for LuaTeX (HO)

Package pdftexcmds Info: \pdf@primitive is available.
Package pdftexcmds Info: \pdf@ifprimitive is available.
Package pdftexcmds Info: \pdfdraftmode found.

("C:/Program Files/MiKTeX 2.9/tex/generic/oberdiek/luatex-loader.sty"
Package: luatex-loader 2016/05/16 v0.6 Lua module loader (HO)

(C:/Program Files/MiKTeX 2.9/scripts/oberdiek/oberdiek.luatex.lua))
\pdftexcmds@toks=\toks34
)
Package epstopdf-base Info: Redefining graphics rule for `.eps' on input line 43
8.
Package grfext Info: Graphics extension search list:
(grfext)             [.png,.pdf,.jpg,.mps,.jpeg,.jbig2,.jb2,.PNG,.PDF,.JPG,.JPEG
,.JBIG2,.JB2,.eps]
(grfext)             \AppendGraphicsExtensions on input line 456.
)
*geometry* driver: auto-detecting
*geometry* detected driver: pdftex
*geometry* verbose mode - [ preamble ] result:
* driver: pdftex
* paper: <default>
* layout: <same size as paper>
* layoutoffset:(h,v)=(0.0pt,0.0pt)
* modes: 
* h-part:(L,W,R)=(71.13188pt, 472.03123pt, 71.13188pt)
* v-part:(T,H,B)=(71.13188pt, 652.70622pt, 71.13188pt)
* \paperwidth=614.295pt
* \paperheight=794.96999pt
* \textwidth=472.03123pt
* \textheight=652.70622pt
* \oddsidemargin=-1.1381pt
* \evensidemargin=-1.1381pt
* \topmargin=-38.1381pt
* \headheight=12.0pt
* \headsep=25.0pt
* \topskip=10.0pt
* \footskip=30.0pt
* \marginparwidth=65.0pt
* \marginparsep=11.0pt
* \columnsep=10.0pt
* \skip\footins=9.0pt plus 4.0pt minus 2.0pt
* \hoffset=0.0pt
* \voffset=0.0pt
* \mag=1000
* \@twocolumnfalse
* \@twosidefalse
* \@mparswitchfalse
* \@reversemarginfalse
* (1in=72.27pt=25.4mm, 1cm=28.453pt)

luaotfload | load : warning: path in file: lookups is deprecated; 
luaotfload | load : use bracket syntax instead!
luaotfload | load : position: 36; full match: "Fonts/AdventPro-ExtraLight.ttf"
luaotfload | load : warning: path in file: lookups is deprecated; 
luaotfload | load : use bracket syntax instead!
luaotfload | load : position: 34; full match: "Fonts/AdventPro-SemiBold.ttf"
luaotfload | load : warning: path in file: lookups is deprecated; 
luaotfload | load : use bracket syntax instead!
luaotfload | load : position: 23; full match: "Fonts/FontAwesome"
luaotfload | load : warning: path in file: lookups is deprecated; 
luaotfload | load : use bracket syntax instead!
luaotfload | load : position: 36; full match: "Fonts/AdventPro-ExtraLight.ttf"
luaotfload | load : warning: path in file: lookups is deprecated; 
luaotfload | load : use bracket syntax instead!
luaotfload | load : position: 36; full match: "Fonts/AdventPro-ExtraLight.ttf"
luaotfload | load : warning: path in file: lookups is deprecated; 
luaotfload | load : use bracket syntax instead!
luaotfload | load : position: 34; full match: "Fonts/AdventPro-SemiBold.ttf"
luaotfload | load : warning: path in file: lookups is deprecated; 
luaotfload | load : use bracket syntax instead!
luaotfload | load : position: 35; full match: "Fonts/SourceSansPro-Light.otf"
luaotfload | load : warning: path in file: lookups is deprecated; 
luaotfload | load : use bracket syntax instead!
luaotfload | load : position: 35; full match: "Fonts/SourceSansPro-Light.otf"
luaotfload | load : warning: path in file: lookups is deprecated; 
luaotfload | load : use bracket syntax instead!
luaotfload | load : position: 38; full match: "Fonts/SourceSansPro-Semibold.otf"
luaotfload | load : warning: path in file: lookups is deprecated; 
luaotfload | load : use bracket syntax instead!
luaotfload | load : position: 37; full match: "Fonts/SourceSansPro-LightIt.otf"
Overfull \hbox (6.0pt too wide) in alignment at lines 34--34
[][]
 []


Overfull \hbox (6.0pt too wide) in alignment at lines 66--66
[][]
 []


Overfull \hbox (6.0pt too wide) in alignment at lines 131--131
[][]
 []

[1

{C:/Users/ismail/AppData/Local/MiKTeX/2.9/pdftex/config/pdftex.map}]
Overfull \hbox (6.0pt too wide) in alignment at lines 139--139
[][]
 []

[2] (./cv-roald-example.aux))

Here is how much of LuaTeX's memory you used:
 23141 strings out of 494568
 100000,552014 words of node,token memory allocated
 3635 words of node memory still in use:
   3 hlist, 1 vlist, 1 rule, 381 glue, 153 attribute, 49 glue_spec, 153 attribut
e_list, 1 write nodes
   avail lists: 2:1601,3:534,4:144,5:449,6:3095,7:1728,8:193,9:574,10:13,11:320
 26439 multiletter control sequences out of 65536+200000
 42 fonts using 3402911 bytes
 62i,10n,70p,449b,555s stack positions out of 5000i,500n,10000p,200000b,50000s
<./Fonts/SourceSansPro-LightIt.otf><./Fonts/SourceSansPro-Semibold.otf><./Fonts/
FontAwesome.otf><./Fonts/SourceSansPro-Light.otf><./Fonts/AdventPro-SemiBold.ttf
><./Fonts/AdventPro-ExtraLight.ttf><C:/Program Files/MiKTeX 2.9/fonts/type1/publ
ic/amsfonts/cm/cmmi7.pfb><C:/Program Files/MiKTeX 2.9/fonts/type1/public/amsfont
s/cm/cmr10.pfb>
Output written on cv-roald-example.pdf (2 pages, 47651 bytes).

PDF statistics: 62 PDF objects out of 1000 (max. 8388607)
 0 named destinations out of 1000 (max. 131072)
 16 words of extra memory for PDF output out of 10000 (max. 100000000)

